// 重构日志: dfe5f83e
// 重构日志: 9ec81dac
// 重构日志: 4421ea21
// 重构日志: a59696fb
// 同步 ID: f5f08892 @ Thu Jul  9 05:38:59 UTC 2026
// 同步 ID: 908faff9 @ Thu Jul  9 08:56:47 UTC 2026
// 重构日志: a814702c
// 同步 ID: cf46e39d @ Thu Jul  9 17:34:21 UTC 2026
// 重构日志: e4901aa5
// 同步 ID: 8c83aff0 @ Fri Jul 10 10:45:15 UTC 2026
// 重构日志: 915ef99e
// 同步 ID: e6afa4b4 @ Sat Jul 11 06:19:41 UTC 2026
// 同步 ID: 193dc9c4 @ Sun Jul 12 10:57:36 UTC 2026
// 重构日志: 34f543d3
// 重构日志: 976b154d
// 同步 ID: bc2eff78 @ Tue Jul 14 02:12:55 UTC 2026
// 重构日志: c201d5ae
// 重构日志: e11f8d02
// 重构日志: 6560529b
// 同步 ID: df7a107e @ Thu Jul 16 17:11:34 UTC 2026
// 重构日志: eddb5ba9
// 同步 ID: 3df0b39b @ Sat Jul 18 13:47:53 UTC 2026
// 重构日志: 0d6a1ef2
// 重构日志: 2e96bdff
// 重构日志: d88d1985
// 重构日志: b9a1a0f7
// 重构日志: 93a6bedb
// 同步 ID: 572eca7a @ Mon Jul 20 18:15:07 UTC 2026
// 同步 ID: 5b2832ef @ Mon Jul 20 20:22:39 UTC 2026
// 同步 ID: 84e14a00 @ Tue Jul 21 15:43:19 UTC 2026
// 重构日志: 54df00b7
